<?xml version="1.0" encoding="UTF-8"?>
<!-- Generated by org.testng.reporters.JUnitReportReporter -->
<testsuite hostname="windows" failures="0" tests="1" name="testData.testData" time="1.439" errors="0" timestamp="2022-06-23T10:51:13 CDT" skipped="0">
  <testcase classname="testData.testData" name="readFromExcel" time="1.439"/>
  <system-out/>
</testsuite> <!-- testData.testData -->
