<?xml version="1.0" encoding="UTF-8"?>
<!-- Generated by org.testng.reporters.JUnitReportReporter -->
<testsuite hostname="windows" failures="0" tests="3" name="dataDrivenTests.loginTest" time="40.581" errors="0" timestamp="2022-06-24T14:38:30 CDT" skipped="0">
  <testcase classname="dataDrivenTests.loginTest" name="login" time="12.916"/>
  <system-out/>
  <testcase classname="dataDrivenTests.loginTest" name="login" time="11.856"/>
  <system-out/>
  <testcase classname="dataDrivenTests.loginTest" name="login" time="15.809"/>
  <system-out/>
</testsuite> <!-- dataDrivenTests.loginTest -->
